<?xml version="1.0" encoding="UTF-8"?>
<!-- Generated by org.testng.reporters.JUnitReportReporter -->
<testsuite hostname="LenovoLaptop" failures="0" tests="1" name="com.ect.testcases.SerachTestCase" time="9.834" errors="0" timestamp="2024-03-27T03:02:52 IST" skipped="0">
  <testcase classname="com.ect.testcases.SerachTestCase" name="searchProduct" time="9.834"/>
</testsuite> <!-- com.ect.testcases.SerachTestCase -->
